[2017-06-28 21:52:34] app.INFO: Matched route "{route}". {"route":"GET_v1_establecimientos_nivelminsal","route_parameters":{"_controller":"[object] (Closure: {})","_route":"GET_v1_establecimientos_nivelminsal"},"request_uri":"http://localhost:8080/v1/establecimientos/nivelminsal?ids=1%2C8&tocken=eccbc87e4b5ce2fe28308fd9f2a7baf3","method":"GET"} []
[2017-06-28 21:52:34] app.DEBUG: > GET /v1/establecimientos/nivelminsal?tocken=eccbc87e4b5ce2fe28308fd9f2a7baf3&ids=1,8 [] []
[2017-06-28 21:52:34] app.DEBUG: < 201 [] []
[2017-06-28 21:52:47] app.INFO: Matched route "{route}". {"route":"GET_v1_establecimientos_nivelminsal","route_parameters":{"_controller":"[object] (Closure: {})","_route":"GET_v1_establecimientos_nivelminsal"},"request_uri":"http://localhost:8080/v1/establecimientos/nivelminsal?ids=1&tocken=eccbc87e4b5ce2fe28308fd9f2a7baf3","method":"GET"} []
[2017-06-28 21:52:47] app.DEBUG: > GET /v1/establecimientos/nivelminsal?tocken=eccbc87e4b5ce2fe28308fd9f2a7baf3&ids=1 [] []
[2017-06-28 21:52:47] app.DEBUG: < 201 [] []
[2017-06-28 21:52:53] app.INFO: Matched route "{route}". {"route":"GET_v1_establecimientos_nivelminsal","route_parameters":{"_controller":"[object] (Closure: {})","_route":"GET_v1_establecimientos_nivelminsal"},"request_uri":"http://localhost:8080/v1/establecimientos/nivelminsal?ids=1%2C2&tocken=eccbc87e4b5ce2fe28308fd9f2a7baf3","method":"GET"} []
[2017-06-28 21:52:53] app.DEBUG: > GET /v1/establecimientos/nivelminsal?tocken=eccbc87e4b5ce2fe28308fd9f2a7baf3&ids=1,2 [] []
[2017-06-28 21:52:53] app.DEBUG: < 201 [] []
[2017-06-28 21:53:09] app.INFO: Matched route "{route}". {"route":"GET_v1_establecimientos_nivelminsal","route_parameters":{"_controller":"[object] (Closure: {})","_route":"GET_v1_establecimientos_nivelminsal"},"request_uri":"http://localhost:8080/v1/establecimientos/nivelminsal?ids=1%2C2%2C8&tocken=eccbc87e4b5ce2fe28308fd9f2a7baf3","method":"GET"} []
[2017-06-28 21:53:09] app.DEBUG: > GET /v1/establecimientos/nivelminsal?tocken=eccbc87e4b5ce2fe28308fd9f2a7baf3&ids=1,2,8 [] []
[2017-06-28 21:53:09] app.DEBUG: < 201 [] []
[2017-06-28 21:53:39] app.INFO: Matched route "{route}". {"route":"GET_v1_establecimientos_nivelminsal","route_parameters":{"_controller":"[object] (Closure: {})","_route":"GET_v1_establecimientos_nivelminsal"},"request_uri":"http://localhost:8080/v1/establecimientos/nivelminsal?ids=1%2C2%2C8o&tocken=eccbc87e4b5ce2fe28308fd9f2a7baf3","method":"GET"} []
[2017-06-28 21:53:39] app.DEBUG: > GET /v1/establecimientos/nivelminsal?tocken=eccbc87e4b5ce2fe28308fd9f2a7baf3&ids=1,2,8o [] []
[2017-06-28 21:53:39] app.DEBUG: < 404 [] []
[2017-06-28 22:05:15] app.INFO: Matched route "{route}". {"route":"GET_v1_establecimientos_microred","route_parameters":{"_controller":"[object] (Closure: {})","_route":"GET_v1_establecimientos_microred"},"request_uri":"http://localhost:8080/v1/establecimientos/microred?ids=1%2C2%2C8o&tocken=eccbc87e4b5ce2fe28308fd9f2a7baf3","method":"GET"} []
[2017-06-28 22:05:15] app.DEBUG: > GET /v1/establecimientos/microred?tocken=eccbc87e4b5ce2fe28308fd9f2a7baf3&ids=1,2,8o [] []
[2017-06-28 22:05:15] app.DEBUG: < 201 [] []
[2017-06-28 22:09:29] app.INFO: Matched route "{route}". {"route":"GET_v1_establecimientos_microred","route_parameters":{"_controller":"[object] (Closure: {})","_route":"GET_v1_establecimientos_microred"},"request_uri":"http://localhost:8080/v1/establecimientos/microred?ids=1%2C2%2C8o&tocken=eccbc87e4b5ce2fe28308fd9f2a7baf3","method":"GET"} []
[2017-06-28 22:09:29] app.DEBUG: > GET /v1/establecimientos/microred?tocken=eccbc87e4b5ce2fe28308fd9f2a7baf3&ids=1,2,8o [] []
[2017-06-28 22:09:29] app.DEBUG: < 201 [] []
