[2017-09-17 00:49:39] app.INFO: Matched route "{route}". {"route":"info_notificar","route_parameters":{"_controller":["[object] (Controller\\InfoController: {})","notificar"],"_route":"info_notificar"},"request_uri":"http://localhost:8080/v1/info/notificar","method":"POST"} []
[2017-09-17 00:49:39] app.DEBUG: > POST /v1/info/notificar [] []
[2017-09-17 00:49:39] app.NOTICE: E_NOTICE: Undefined index: destino {"code":8,"message":"Undefined index: destino","file":"/media/wilx/win2/minsal/apiMaestro/src/Controller/InfoController.php","line":43} []
[2017-09-17 00:49:39] app.NOTICE: E_NOTICE: Undefined index: asunto {"code":8,"message":"Undefined index: asunto","file":"/media/wilx/win2/minsal/apiMaestro/src/Controller/InfoController.php","line":44} []
[2017-09-17 00:49:39] app.NOTICE: E_NOTICE: Undefined index: mensaje {"code":8,"message":"Undefined index: mensaje","file":"/media/wilx/win2/minsal/apiMaestro/src/Controller/InfoController.php","line":45} []
[2017-09-17 00:49:39] app.CRITICAL: Swift_RfcComplianceException: Address in mailbox given [] does not comply with RFC 2822, 3.6.2. (uncaught exception) at /media/wilx/win2/minsal/apiMaestro/vendor/swiftmailer/swiftmailer/lib/classes/Swift/Mime/Headers/MailboxHeader.php line 345 {"exception":"[object] (Swift_RfcComplianceException(code: 0): Address in mailbox given [] does not comply with RFC 2822, 3.6.2. at /media/wilx/win2/minsal/apiMaestro/vendor/swiftmailer/swiftmailer/lib/classes/Swift/Mime/Headers/MailboxHeader.php:345)"} []
[2017-09-17 00:49:39] app.DEBUG: < 500 [] []
[2017-09-17 00:50:17] app.INFO: Matched route "{route}". {"route":"info_notificar","route_parameters":{"_controller":["[object] (Controller\\InfoController: {})","notificar"],"_route":"info_notificar"},"request_uri":"http://localhost:8080/v1/info/notificar","method":"POST"} []
[2017-09-17 00:50:17] app.DEBUG: > POST /v1/info/notificar [] []
[2017-09-17 00:50:17] app.DEBUG: < 201 [] []
[2017-09-17 01:02:03] app.INFO: Matched route "{route}". {"route":"info_notificar","route_parameters":{"_controller":["[object] (Controller\\InfoController: {})","notificar"],"_route":"info_notificar"},"request_uri":"http://localhost:8080/v1/info/notificar","method":"POST"} []
[2017-09-17 01:02:03] app.ERROR: E_RECOVERABLE_ERROR: Argument 1 passed to {closure}() must be an instance of Request, instance of Symfony\Component\HttpFoundation\Request given {"code":4096,"message":"Argument 1 passed to {closure}() must be an instance of Request, instance of Symfony\\Component\\HttpFoundation\\Request given","file":"/media/wilx/win2/minsal/apiMaestro/src/app.php","line":72} []
[2017-09-17 01:02:50] app.INFO: Matched route "{route}". {"route":"info_notificar","route_parameters":{"_controller":["[object] (Controller\\InfoController: {})","notificar"],"_route":"info_notificar"},"request_uri":"http://localhost:8080/v1/info/notificar","method":"POST"} []
[2017-09-17 01:02:50] app.ERROR: E_RECOVERABLE_ERROR: Argument 1 passed to {closure}() must be an instance of Request, instance of Symfony\Component\HttpFoundation\Request given {"code":4096,"message":"Argument 1 passed to {closure}() must be an instance of Request, instance of Symfony\\Component\\HttpFoundation\\Request given","file":"/media/wilx/win2/minsal/apiMaestro/src/app.php","line":72} []
[2017-09-17 01:07:04] app.INFO: Matched route "{route}". {"route":"info_notificar","route_parameters":{"_controller":["[object] (Controller\\InfoController: {})","notificar"],"_route":"info_notificar"},"request_uri":"http://localhost:8080/v1/info/notificar","method":"POST"} []
[2017-09-17 01:07:04] app.ERROR: E_RECOVERABLE_ERROR: Argument 1 passed to {closure}() must be an instance of Request, instance of Symfony\Component\HttpFoundation\Request given {"code":4096,"message":"Argument 1 passed to {closure}() must be an instance of Request, instance of Symfony\\Component\\HttpFoundation\\Request given","file":"/media/wilx/win2/minsal/apiMaestro/src/app.php","line":72} []
[2017-09-17 01:09:05] app.INFO: Matched route "{route}". {"route":"info_notificar","route_parameters":{"_controller":["[object] (Controller\\InfoController: {})","notificar"],"_route":"info_notificar"},"request_uri":"http://localhost:8080/v1/info/notificar","method":"POST"} []
[2017-09-17 01:09:05] app.DEBUG: > POST /v1/info/notificar [] []
[2017-09-17 01:09:05] app.NOTICE: E_NOTICE: Undefined index: destino {"code":8,"message":"Undefined index: destino","file":"/media/wilx/win2/minsal/apiMaestro/src/Controller/InfoController.php","line":49} []
[2017-09-17 01:09:05] app.NOTICE: E_NOTICE: Undefined index: asunto {"code":8,"message":"Undefined index: asunto","file":"/media/wilx/win2/minsal/apiMaestro/src/Controller/InfoController.php","line":50} []
[2017-09-17 01:09:05] app.NOTICE: E_NOTICE: Undefined index: mensaje {"code":8,"message":"Undefined index: mensaje","file":"/media/wilx/win2/minsal/apiMaestro/src/Controller/InfoController.php","line":51} []
[2017-09-17 01:09:05] app.CRITICAL: Swift_RfcComplianceException: Address in mailbox given [] does not comply with RFC 2822, 3.6.2. (uncaught exception) at /media/wilx/win2/minsal/apiMaestro/vendor/swiftmailer/swiftmailer/lib/classes/Swift/Mime/Headers/MailboxHeader.php line 345 {"exception":"[object] (Swift_RfcComplianceException(code: 0): Address in mailbox given [] does not comply with RFC 2822, 3.6.2. at /media/wilx/win2/minsal/apiMaestro/vendor/swiftmailer/swiftmailer/lib/classes/Swift/Mime/Headers/MailboxHeader.php:345)"} []
[2017-09-17 01:09:05] app.DEBUG: < 500 [] []
[2017-09-17 01:09:37] app.INFO: Matched route "{route}". {"route":"info_notificar","route_parameters":{"_controller":["[object] (Controller\\InfoController: {})","notificar"],"_route":"info_notificar"},"request_uri":"http://localhost:8080/v1/info/notificar","method":"POST"} []
[2017-09-17 01:09:37] app.ERROR: E_RECOVERABLE_ERROR: Argument 1 passed to {closure}() must be an instance of Request, instance of Symfony\Component\HttpFoundation\Request given {"code":4096,"message":"Argument 1 passed to {closure}() must be an instance of Request, instance of Symfony\\Component\\HttpFoundation\\Request given","file":"/media/wilx/win2/minsal/apiMaestro/src/app.php","line":72} []
[2017-09-17 01:09:44] app.INFO: Matched route "{route}". {"route":"info_notificar","route_parameters":{"_controller":["[object] (Controller\\InfoController: {})","notificar"],"_route":"info_notificar"},"request_uri":"http://localhost:8080/v1/info/notificar","method":"POST"} []
[2017-09-17 01:09:44] app.ERROR: E_RECOVERABLE_ERROR: Argument 1 passed to {closure}() must be an instance of Request, instance of Symfony\Component\HttpFoundation\Request given {"code":4096,"message":"Argument 1 passed to {closure}() must be an instance of Request, instance of Symfony\\Component\\HttpFoundation\\Request given","file":"/media/wilx/win2/minsal/apiMaestro/src/app.php","line":72} []
[2017-09-17 01:09:54] app.INFO: Matched route "{route}". {"route":"info_notificar","route_parameters":{"_controller":["[object] (Controller\\InfoController: {})","notificar"],"_route":"info_notificar"},"request_uri":"http://localhost:8080/v1/info/notificar","method":"POST"} []
[2017-09-17 01:09:54] app.ERROR: E_RECOVERABLE_ERROR: Argument 1 passed to {closure}() must be an instance of Request, instance of Symfony\Component\HttpFoundation\Request given {"code":4096,"message":"Argument 1 passed to {closure}() must be an instance of Request, instance of Symfony\\Component\\HttpFoundation\\Request given","file":"/media/wilx/win2/minsal/apiMaestro/src/app.php","line":72} []
[2017-09-17 01:10:04] app.INFO: Matched route "{route}". {"route":"info_notificar","route_parameters":{"_controller":["[object] (Controller\\InfoController: {})","notificar"],"_route":"info_notificar"},"request_uri":"http://localhost:8080/v1/info/notificar","method":"POST"} []
[2017-09-17 01:10:04] app.ERROR: E_RECOVERABLE_ERROR: Argument 1 passed to {closure}() must be an instance of Request, instance of Symfony\Component\HttpFoundation\Request given {"code":4096,"message":"Argument 1 passed to {closure}() must be an instance of Request, instance of Symfony\\Component\\HttpFoundation\\Request given","file":"/media/wilx/win2/minsal/apiMaestro/src/app.php","line":72} []
[2017-09-17 01:10:41] app.INFO: Matched route "{route}". {"route":"info_notificar","route_parameters":{"_controller":["[object] (Controller\\InfoController: {})","notificar"],"_route":"info_notificar"},"request_uri":"http://localhost:8080/v1/info/notificar","method":"POST"} []
[2017-09-17 01:10:41] app.DEBUG: > POST /v1/info/notificar [] []
[2017-09-17 01:10:41] app.DEBUG: < 201 [] []
[2017-09-17 01:11:28] app.INFO: Matched route "{route}". {"route":"info_notificar","route_parameters":{"_controller":["[object] (Controller\\InfoController: {})","notificar"],"_route":"info_notificar"},"request_uri":"http://localhost:8080/v1/info/notificar","method":"POST"} []
[2017-09-17 01:11:28] app.DEBUG: > POST /v1/info/notificar [] []
[2017-09-17 01:11:28] app.NOTICE: E_NOTICE: Undefined index: destino {"code":8,"message":"Undefined index: destino","file":"/media/wilx/win2/minsal/apiMaestro/src/Controller/InfoController.php","line":49} []
[2017-09-17 01:11:28] app.NOTICE: E_NOTICE: Undefined index: asunto {"code":8,"message":"Undefined index: asunto","file":"/media/wilx/win2/minsal/apiMaestro/src/Controller/InfoController.php","line":50} []
[2017-09-17 01:11:28] app.NOTICE: E_NOTICE: Undefined index: mensaje {"code":8,"message":"Undefined index: mensaje","file":"/media/wilx/win2/minsal/apiMaestro/src/Controller/InfoController.php","line":51} []
[2017-09-17 01:11:28] app.CRITICAL: Swift_RfcComplianceException: Address in mailbox given [] does not comply with RFC 2822, 3.6.2. (uncaught exception) at /media/wilx/win2/minsal/apiMaestro/vendor/swiftmailer/swiftmailer/lib/classes/Swift/Mime/Headers/MailboxHeader.php line 345 {"exception":"[object] (Swift_RfcComplianceException(code: 0): Address in mailbox given [] does not comply with RFC 2822, 3.6.2. at /media/wilx/win2/minsal/apiMaestro/vendor/swiftmailer/swiftmailer/lib/classes/Swift/Mime/Headers/MailboxHeader.php:345)"} []
[2017-09-17 01:11:28] app.DEBUG: < 500 [] []
[2017-09-17 01:13:01] app.INFO: Matched route "{route}". {"route":"info_notificar","route_parameters":{"_controller":["[object] (Controller\\InfoController: {})","notificar"],"_route":"info_notificar"},"request_uri":"http://localhost:8080/v1/info/notificar","method":"POST"} []
[2017-09-17 01:13:01] app.DEBUG: > POST /v1/info/notificar [] []
[2017-09-17 01:13:01] app.NOTICE: E_NOTICE: Undefined index: destino {"code":8,"message":"Undefined index: destino","file":"/media/wilx/win2/minsal/apiMaestro/src/Controller/InfoController.php","line":49} []
[2017-09-17 01:13:01] app.NOTICE: E_NOTICE: Undefined index: asunto {"code":8,"message":"Undefined index: asunto","file":"/media/wilx/win2/minsal/apiMaestro/src/Controller/InfoController.php","line":50} []
[2017-09-17 01:13:01] app.NOTICE: E_NOTICE: Undefined index: mensaje {"code":8,"message":"Undefined index: mensaje","file":"/media/wilx/win2/minsal/apiMaestro/src/Controller/InfoController.php","line":51} []
[2017-09-17 01:13:01] app.CRITICAL: Swift_RfcComplianceException: Address in mailbox given [] does not comply with RFC 2822, 3.6.2. (uncaught exception) at /media/wilx/win2/minsal/apiMaestro/vendor/swiftmailer/swiftmailer/lib/classes/Swift/Mime/Headers/MailboxHeader.php line 345 {"exception":"[object] (Swift_RfcComplianceException(code: 0): Address in mailbox given [] does not comply with RFC 2822, 3.6.2. at /media/wilx/win2/minsal/apiMaestro/vendor/swiftmailer/swiftmailer/lib/classes/Swift/Mime/Headers/MailboxHeader.php:345)"} []
[2017-09-17 01:13:01] app.DEBUG: < 500 [] []
[2017-09-17 01:16:22] app.INFO: Matched route "{route}". {"route":"info_notificar","route_parameters":{"_controller":["[object] (Controller\\InfoController: {})","notificar"],"_route":"info_notificar"},"request_uri":"http://localhost:8080/v1/info/notificar","method":"POST"} []
[2017-09-17 01:16:22] app.DEBUG: > POST /v1/info/notificar [] []
[2017-09-17 01:16:22] app.NOTICE: E_NOTICE: Undefined index: asunto {"code":8,"message":"Undefined index: asunto","file":"/media/wilx/win2/minsal/apiMaestro/src/Controller/InfoController.php","line":50} []
[2017-09-17 01:16:22] app.NOTICE: E_NOTICE: Undefined index: mensaje {"code":8,"message":"Undefined index: mensaje","file":"/media/wilx/win2/minsal/apiMaestro/src/Controller/InfoController.php","line":51} []
[2017-09-17 01:16:22] app.CRITICAL: Swift_RfcComplianceException: Address in mailbox given [] does not comply with RFC 2822, 3.6.2. (uncaught exception) at /media/wilx/win2/minsal/apiMaestro/vendor/swiftmailer/swiftmailer/lib/classes/Swift/Mime/Headers/MailboxHeader.php line 345 {"exception":"[object] (Swift_RfcComplianceException(code: 0): Address in mailbox given [] does not comply with RFC 2822, 3.6.2. at /media/wilx/win2/minsal/apiMaestro/vendor/swiftmailer/swiftmailer/lib/classes/Swift/Mime/Headers/MailboxHeader.php:345)"} []
[2017-09-17 01:16:22] app.DEBUG: < 500 [] []
[2017-09-17 01:17:18] app.INFO: Matched route "{route}". {"route":"info_notificar","route_parameters":{"_controller":["[object] (Controller\\InfoController: {})","notificar"],"_route":"info_notificar"},"request_uri":"http://localhost:8080/v1/info/notificar","method":"POST"} []
[2017-09-17 01:17:18] app.DEBUG: > POST /v1/info/notificar [] []
[2017-09-17 01:17:18] app.CRITICAL: Swift_RfcComplianceException: Address in mailbox given [] does not comply with RFC 2822, 3.6.2. (uncaught exception) at /media/wilx/win2/minsal/apiMaestro/vendor/swiftmailer/swiftmailer/lib/classes/Swift/Mime/Headers/MailboxHeader.php line 345 {"exception":"[object] (Swift_RfcComplianceException(code: 0): Address in mailbox given [] does not comply with RFC 2822, 3.6.2. at /media/wilx/win2/minsal/apiMaestro/vendor/swiftmailer/swiftmailer/lib/classes/Swift/Mime/Headers/MailboxHeader.php:345)"} []
[2017-09-17 01:17:18] app.DEBUG: < 500 [] []
[2017-09-17 01:17:33] app.INFO: Matched route "{route}". {"route":"info_notificar","route_parameters":{"_controller":["[object] (Controller\\InfoController: {})","notificar"],"_route":"info_notificar"},"request_uri":"http://localhost:8080/v1/info/notificar","method":"POST"} []
[2017-09-17 01:17:33] app.DEBUG: > POST /v1/info/notificar [] []
[2017-09-17 01:17:33] app.CRITICAL: Swift_RfcComplianceException: Address in mailbox given [] does not comply with RFC 2822, 3.6.2. (uncaught exception) at /media/wilx/win2/minsal/apiMaestro/vendor/swiftmailer/swiftmailer/lib/classes/Swift/Mime/Headers/MailboxHeader.php line 345 {"exception":"[object] (Swift_RfcComplianceException(code: 0): Address in mailbox given [] does not comply with RFC 2822, 3.6.2. at /media/wilx/win2/minsal/apiMaestro/vendor/swiftmailer/swiftmailer/lib/classes/Swift/Mime/Headers/MailboxHeader.php:345)"} []
[2017-09-17 01:17:33] app.DEBUG: < 500 [] []
[2017-09-17 01:18:21] app.INFO: Matched route "{route}". {"route":"info_notificar","route_parameters":{"_controller":["[object] (Controller\\InfoController: {})","notificar"],"_route":"info_notificar"},"request_uri":"http://localhost:8080/v1/info/notificar","method":"POST"} []
[2017-09-17 01:18:21] app.DEBUG: > POST /v1/info/notificar [] []
[2017-09-17 01:18:21] app.NOTICE: E_NOTICE: Undefined index: adjunto {"code":8,"message":"Undefined index: adjunto","file":"/media/wilx/win2/minsal/apiMaestro/src/Controller/InfoController.php","line":52} []
[2017-09-17 01:18:21] app.CRITICAL: Swift_RfcComplianceException: Address in mailbox given [] does not comply with RFC 2822, 3.6.2. (uncaught exception) at /media/wilx/win2/minsal/apiMaestro/vendor/swiftmailer/swiftmailer/lib/classes/Swift/Mime/Headers/MailboxHeader.php line 345 {"exception":"[object] (Swift_RfcComplianceException(code: 0): Address in mailbox given [] does not comply with RFC 2822, 3.6.2. at /media/wilx/win2/minsal/apiMaestro/vendor/swiftmailer/swiftmailer/lib/classes/Swift/Mime/Headers/MailboxHeader.php:345)"} []
[2017-09-17 01:18:21] app.DEBUG: < 500 [] []
[2017-09-17 01:23:08] app.INFO: Matched route "{route}". {"route":"info_notificar","route_parameters":{"_controller":["[object] (Controller\\InfoController: {})","notificar"],"_route":"info_notificar"},"request_uri":"http://localhost:8080/v1/info/notificar","method":"POST"} []
[2017-09-17 01:23:08] app.DEBUG: > POST /v1/info/notificar [] []
[2017-09-17 01:23:08] app.NOTICE: E_NOTICE: Undefined index: adjunto {"code":8,"message":"Undefined index: adjunto","file":"/media/wilx/win2/minsal/apiMaestro/src/Controller/InfoController.php","line":52} []
[2017-09-17 01:23:08] app.DEBUG: < 201 [] []
[2017-09-17 01:24:21] app.INFO: Matched route "{route}". {"route":"info_notificar","route_parameters":{"_controller":["[object] (Controller\\InfoController: {})","notificar"],"_route":"info_notificar"},"request_uri":"http://localhost:8080/v1/info/notificar","method":"POST"} []
[2017-09-17 01:24:21] app.DEBUG: > POST /v1/info/notificar [] []
[2017-09-17 01:24:21] app.NOTICE: E_NOTICE: Undefined index: adjunto {"code":8,"message":"Undefined index: adjunto","file":"/media/wilx/win2/minsal/apiMaestro/src/Controller/InfoController.php","line":46} []
[2017-09-17 01:24:21] app.DEBUG: < 201 [] []
[2017-09-17 01:24:35] app.ERROR: Symfony\Component\HttpKernel\Exception\NotFoundHttpException: No route found for "GET /v1/info/servicio" (uncaught exception) at /media/wilx/win2/minsal/apiMaestro/vendor/symfony/http-kernel/EventListener/RouterListener.php line 125 {"exception":"[object] (Symfony\\Component\\HttpKernel\\Exception\\NotFoundHttpException(code: 0): No route found for \"GET /v1/info/servicio\" at /media/wilx/win2/minsal/apiMaestro/vendor/symfony/http-kernel/EventListener/RouterListener.php:125, Symfony\\Component\\Routing\\Exception\\ResourceNotFoundException(code: 0): No routes found for \"/v1/info/servicio\". at /media/wilx/win2/minsal/apiMaestro/vendor/symfony/routing/Matcher/UrlMatcher.php:98)"} []
[2017-09-17 01:24:35] app.DEBUG: < 404 [] []
[2017-09-17 01:24:39] app.INFO: Matched route "{route}". {"route":"info_servicios","route_parameters":{"_controller":["[object] (Controller\\InfoController: {})","servicios"],"_route":"info_servicios"},"request_uri":"http://127.0.0.1:8080/v1/info/servicios","method":"GET"} []
[2017-09-17 01:24:39] app.DEBUG: > GET /v1/info/servicios [] []
[2017-09-17 01:24:39] app.DEBUG: < 201 [] []
[2017-10-04 17:41:50] app.INFO: Matched route "{route}". {"route":"info_notificar","route_parameters":{"_controller":["[object] (Controller\\InfoController: {})","notificar"],"_route":"info_notificar"},"request_uri":"http://localhost:8080/v1/info/notificar","method":"POST"} []
[2017-10-04 17:41:50] app.DEBUG: > POST /v1/info/notificar [] []
[2017-10-04 17:41:50] app.NOTICE: E_NOTICE: Undefined index: adjunto {"code":8,"message":"Undefined index: adjunto","file":"/media/wilx/win2/minsal/apiMaestro/src/Controller/InfoController.php","line":46} []
[2017-10-04 17:41:51] app.CRITICAL: Swift_RfcComplianceException: Address in mailbox given [] does not comply with RFC 2822, 3.6.2. (uncaught exception) at /media/wilx/win2/minsal/apiMaestro/vendor/swiftmailer/swiftmailer/lib/classes/Swift/Mime/Headers/MailboxHeader.php line 345 {"exception":"[object] (Swift_RfcComplianceException(code: 0): Address in mailbox given [] does not comply with RFC 2822, 3.6.2. at /media/wilx/win2/minsal/apiMaestro/vendor/swiftmailer/swiftmailer/lib/classes/Swift/Mime/Headers/MailboxHeader.php:345)"} []
[2017-10-04 17:41:51] app.DEBUG: < 500 [] []
[2017-10-04 17:42:20] app.INFO: Matched route "{route}". {"route":"info_notificar","route_parameters":{"_controller":["[object] (Controller\\InfoController: {})","notificar"],"_route":"info_notificar"},"request_uri":"http://localhost:8080/v1/info/notificar","method":"POST"} []
[2017-10-04 17:42:20] app.DEBUG: > POST /v1/info/notificar [] []
[2017-10-04 17:42:20] app.NOTICE: E_NOTICE: Undefined index: adjunto {"code":8,"message":"Undefined index: adjunto","file":"/media/wilx/win2/minsal/apiMaestro/src/Controller/InfoController.php","line":46} []
[2017-10-04 17:42:20] app.CRITICAL: Swift_RfcComplianceException: Address in mailbox given [] does not comply with RFC 2822, 3.6.2. (uncaught exception) at /media/wilx/win2/minsal/apiMaestro/vendor/swiftmailer/swiftmailer/lib/classes/Swift/Mime/Headers/MailboxHeader.php line 345 {"exception":"[object] (Swift_RfcComplianceException(code: 0): Address in mailbox given [] does not comply with RFC 2822, 3.6.2. at /media/wilx/win2/minsal/apiMaestro/vendor/swiftmailer/swiftmailer/lib/classes/Swift/Mime/Headers/MailboxHeader.php:345)"} []
[2017-10-04 17:42:20] app.DEBUG: < 500 [] []
[2017-10-04 17:42:29] app.INFO: Matched route "{route}". {"route":"info_notificar","route_parameters":{"_controller":["[object] (Controller\\InfoController: {})","notificar"],"_route":"info_notificar"},"request_uri":"http://localhost:8080/v1/info/notificar","method":"POST"} []
[2017-10-04 17:42:29] app.DEBUG: > POST /v1/info/notificar [] []
[2017-10-04 17:42:29] app.NOTICE: E_NOTICE: Undefined index: adjunto {"code":8,"message":"Undefined index: adjunto","file":"/media/wilx/win2/minsal/apiMaestro/src/Controller/InfoController.php","line":46} []
[2017-10-04 17:42:29] app.CRITICAL: Swift_RfcComplianceException: Address in mailbox given [] does not comply with RFC 2822, 3.6.2. (uncaught exception) at /media/wilx/win2/minsal/apiMaestro/vendor/swiftmailer/swiftmailer/lib/classes/Swift/Mime/Headers/MailboxHeader.php line 345 {"exception":"[object] (Swift_RfcComplianceException(code: 0): Address in mailbox given [] does not comply with RFC 2822, 3.6.2. at /media/wilx/win2/minsal/apiMaestro/vendor/swiftmailer/swiftmailer/lib/classes/Swift/Mime/Headers/MailboxHeader.php:345)"} []
[2017-10-04 17:42:29] app.DEBUG: < 500 [] []
[2017-10-04 17:43:16] app.INFO: Matched route "{route}". {"route":"info_notificar","route_parameters":{"_controller":["[object] (Controller\\InfoController: {})","notificar"],"_route":"info_notificar"},"request_uri":"http://localhost:8080/v1/info/notificar","method":"POST"} []
[2017-10-04 17:43:16] app.DEBUG: > POST /v1/info/notificar [] []
[2017-10-04 17:43:16] app.CRITICAL: Swift_RfcComplianceException: Address in mailbox given [] does not comply with RFC 2822, 3.6.2. (uncaught exception) at /media/wilx/win2/minsal/apiMaestro/vendor/swiftmailer/swiftmailer/lib/classes/Swift/Mime/Headers/MailboxHeader.php line 345 {"exception":"[object] (Swift_RfcComplianceException(code: 0): Address in mailbox given [] does not comply with RFC 2822, 3.6.2. at /media/wilx/win2/minsal/apiMaestro/vendor/swiftmailer/swiftmailer/lib/classes/Swift/Mime/Headers/MailboxHeader.php:345)"} []
[2017-10-04 17:43:16] app.DEBUG: < 500 [] []
[2017-10-04 17:43:48] app.INFO: Matched route "{route}". {"route":"info_notificar","route_parameters":{"_controller":["[object] (Controller\\InfoController: {})","notificar"],"_route":"info_notificar"},"request_uri":"http://localhost:8080/v1/info/notificar","method":"POST"} []
[2017-10-04 17:43:48] app.DEBUG: > POST /v1/info/notificar [] []
[2017-10-04 17:43:49] app.DEBUG: < 201 [] []
[2017-10-04 17:45:01] app.INFO: Matched route "{route}". {"route":"info_notificar","route_parameters":{"_controller":["[object] (Controller\\InfoController: {})","notificar"],"_route":"info_notificar"},"request_uri":"http://localhost:8080/v1/info/notificar","method":"POST"} []
[2017-10-04 17:45:01] app.DEBUG: > POST /v1/info/notificar [] []
[2017-10-04 17:45:01] app.DEBUG: < 201 [] []
[2017-10-04 17:46:44] app.INFO: Matched route "{route}". {"route":"info_notificar","route_parameters":{"_controller":["[object] (Controller\\InfoController: {})","notificar"],"_route":"info_notificar"},"request_uri":"http://localhost:8080/v1/info/notificar","method":"POST"} []
[2017-10-04 17:46:44] app.DEBUG: > POST /v1/info/notificar [] []
[2017-10-04 17:46:44] app.DEBUG: < 201 [] []
[2017-10-04 17:46:46] app.INFO: Matched route "{route}". {"route":"info_notificar","route_parameters":{"_controller":["[object] (Controller\\InfoController: {})","notificar"],"_route":"info_notificar"},"request_uri":"http://localhost:8080/v1/info/notificar","method":"POST"} []
[2017-10-04 17:46:46] app.DEBUG: > POST /v1/info/notificar [] []
[2017-10-04 17:46:46] app.DEBUG: < 201 [] []
